c:\hipara\scanner\c++\user\win7debug\vc120.pdb
c:\hipara\scanner\c++\user\win7debug\parser.obj
c:\hipara\scanner\c++\user\win7debug\object.obj
c:\hipara\scanner\c++\user\win7debug\tests.obj
c:\hipara\scanner\c++\user\win7debug\pe.obj
c:\hipara\scanner\c++\user\win7debug\cuckoo.obj
c:\hipara\scanner\c++\user\win7debug\modules.obj
c:\hipara\scanner\c++\user\win7debug\mem.obj
c:\hipara\scanner\c++\user\win7debug\libyara.obj
c:\hipara\scanner\c++\user\win7debug\lexer.obj
c:\hipara\scanner\c++\user\win7debug\hex_lexer.obj
c:\hipara\scanner\c++\user\win7debug\hex_grammar.obj
c:\hipara\scanner\c++\user\win7debug\hash.obj
c:\hipara\scanner\c++\user\win7debug\grammar.obj
c:\hipara\scanner\c++\user\win7debug\filemap.obj
c:\hipara\scanner\c++\user\win7debug\exefiles.obj
c:\hipara\scanner\c++\user\win7debug\exec.obj
c:\hipara\scanner\c++\user\win7debug\compiler.obj
c:\hipara\scanner\c++\user\win7debug\atoms.obj
c:\hipara\scanner\c++\user\win7debug\arena.obj
c:\hipara\scanner\c++\user\win7debug\ahocorasick.obj
c:\hipara\scanner\c++\user\win7debug\scanuser.obj
c:\hipara\scanner\c++\user\win7debug\utils.obj
c:\hipara\scanner\c++\user\win7debug\scan.obj
c:\hipara\scanner\c++\user\win7debug\rules.obj
c:\hipara\scanner\c++\user\win7debug\re_lexer.obj
c:\hipara\scanner\c++\user\win7debug\re_grammar.obj
c:\hipara\scanner\c++\user\win7debug\re.obj
c:\hipara\scanner\c++\user\win7debug\proc.obj
c:\hipara\scanner\c++\user\win7debug\scanuser.exe
c:\hipara\scanner\c++\user\win7debug\scanuser.pdb
c:\hipara\scanner\c++\user\win7debug\scanuser.res
c:\hipara\scanner\c++\user\win7debug\scanuser.tlog\cl.command.1.tlog
c:\hipara\scanner\c++\user\win7debug\scanuser.tlog\cl.read.1.tlog
c:\hipara\scanner\c++\user\win7debug\scanuser.tlog\cl.write.1.tlog
c:\hipara\scanner\c++\user\win7debug\scanuser.tlog\link.command.1.tlog
c:\hipara\scanner\c++\user\win7debug\scanuser.tlog\link.read.1.tlog
c:\hipara\scanner\c++\user\win7debug\scanuser.tlog\link.write.1.tlog
c:\hipara\scanner\c++\user\win7debug\scanuser.tlog\rc.command.1.tlog
c:\hipara\scanner\c++\user\win7debug\scanuser.tlog\rc.read.1.tlog
c:\hipara\scanner\c++\user\win7debug\scanuser.tlog\rc.write.1.tlog
