c:\users\gaurav\documents\visual studio 2013\projects\jansson\jansson\debug\vc120.pdb
c:\users\gaurav\documents\visual studio 2013\projects\jansson\jansson\debug\vc120.idb
c:\users\gaurav\documents\visual studio 2013\projects\jansson\jansson\debug\dump.obj
c:\users\gaurav\documents\visual studio 2013\projects\jansson\jansson\debug\error.obj
c:\users\gaurav\documents\visual studio 2013\projects\jansson\jansson\debug\hashtable.obj
c:\users\gaurav\documents\visual studio 2013\projects\jansson\jansson\debug\hashtable_seed.obj
c:\users\gaurav\documents\visual studio 2013\projects\jansson\jansson\debug\load.obj
c:\users\gaurav\documents\visual studio 2013\projects\jansson\jansson\debug\memory.obj
c:\users\gaurav\documents\visual studio 2013\projects\jansson\jansson\debug\pack_unpack.obj
c:\users\gaurav\documents\visual studio 2013\projects\jansson\jansson\debug\strbuffer.obj
c:\users\gaurav\documents\visual studio 2013\projects\jansson\jansson\debug\strconv.obj
c:\users\gaurav\documents\visual studio 2013\projects\jansson\jansson\debug\utf.obj
c:\users\gaurav\documents\visual studio 2013\projects\jansson\jansson\debug\value.obj
c:\users\gaurav\documents\visual studio 2013\projects\jansson\debug\jansson32.lib
c:\users\gaurav\documents\visual studio 2013\projects\jansson\debug\jansson32.exp
c:\users\gaurav\documents\visual studio 2013\projects\jansson\debug\jansson32.ilk
c:\users\gaurav\documents\visual studio 2013\projects\jansson\debug\jansson32.dll
c:\users\gaurav\documents\visual studio 2013\projects\jansson\debug\jansson32.pdb
c:\users\gaurav\documents\visual studio 2013\projects\jansson\jansson\debug\jansson.tlog\cl.command.1.tlog
c:\users\gaurav\documents\visual studio 2013\projects\jansson\jansson\debug\jansson.tlog\cl.read.1.tlog
c:\users\gaurav\documents\visual studio 2013\projects\jansson\jansson\debug\jansson.tlog\cl.write.1.tlog
c:\users\gaurav\documents\visual studio 2013\projects\jansson\jansson\debug\jansson.tlog\jansson.write.1u.tlog
c:\users\gaurav\documents\visual studio 2013\projects\jansson\jansson\debug\jansson.tlog\link.command.1.tlog
c:\users\gaurav\documents\visual studio 2013\projects\jansson\jansson\debug\jansson.tlog\link.read.1.tlog
c:\users\gaurav\documents\visual studio 2013\projects\jansson\jansson\debug\jansson.tlog\link.write.1.tlog
