Build started 1/14/2015 4:53:03 PM.
Project "C:\Users\dev\Desktop\scanner2\jansson\jansson\jansson.vcxproj" on node 2 (Build target(s)).
ClCompile:
  C:\Program Files\Microsoft Visual Studio 12.0\VC\bin\CL.exe /c /Zi /nologo /W3 /WX- /sdl /O2 /Oi /Oy- /GL /D WIN32 /D NDEBUG /D _WINDOWS /D _USRDLL /D JANSSON_EXPORTS /D _CRT_SECURE_NO_WARNINGS /D _WINDLL /D _UNICODE /D UNICODE /Gm- /EHsc /MD /GS /Gy /fp:precise /Zc:wchar_t /Zc:forScope /Fo"Release\\" /Fd"Release\vc120.pdb" /Gd /TP /analyze- /errorReport:prompt dump.c error.c hashtable.c hashtable_seed.c load.c memory.c pack_unpack.c strbuffer.c strconv.c utf.c value.c
  dump.c
  error.c
  hashtable.c
  hashtable_seed.c
  load.c
  memory.c
  pack_unpack.c
  strbuffer.c
  strconv.c
  utf.c
  value.c
Link:
  C:\Program Files\Microsoft Visual Studio 12.0\VC\bin\link.exe /ERRORREPORT:PROMPT /OUT:"C:\Users\dev\Desktop\scanner2\jansson\Release\jansson32.dll" /INCREMENTAL:NO /NOLOGO kernel32.lib user32.lib gdi32.lib winspool.lib comdlg32.lib advapi32.lib shell32.lib ole32.lib oleaut32.lib uuid.lib odbc32.lib odbccp32.lib /DEF:"jansson.def" /MANIFEST /MANIFESTUAC:"level='asInvoker' uiAccess='false'" /manifest:embed /DEBUG /PDB:"C:\Users\dev\Desktop\scanner2\jansson\Release\jansson32.pdb" /SUBSYSTEM:WINDOWS /OPT:REF /OPT:ICF /LTCG /TLBID:1 /DYNAMICBASE /NXCOMPAT /IMPLIB:"C:\Users\dev\Desktop\scanner2\jansson\Release\jansson32.lib" /MACHINE:X86 /SAFESEH /DLL Release\dump.obj
  Release\error.obj
  Release\hashtable.obj
  Release\hashtable_seed.obj
  Release\load.obj
  Release\memory.obj
  Release\pack_unpack.obj
  Release\strbuffer.obj
  Release\strconv.obj
  Release\utf.obj
  Release\value.obj
     Creating library C:\Users\dev\Desktop\scanner2\jansson\Release\jansson32.lib and object C:\Users\dev\Desktop\scanner2\jansson\Release\jansson32.exp
  Generating code
  Finished generating code
  jansson.vcxproj -> C:\Users\dev\Desktop\scanner2\jansson\Release\jansson32.dll
Done Building Project "C:\Users\dev\Desktop\scanner2\jansson\jansson\jansson.vcxproj" (Build target(s)).

Build succeeded.

Time Elapsed 00:00:01.67
