c:\users\gaurav\documents\visual studio 2013\projects\jansson\jansson\release\vc120.pdb
c:\users\gaurav\documents\visual studio 2013\projects\jansson\jansson\release\hashtable_seed.obj
c:\users\gaurav\documents\visual studio 2013\projects\jansson\jansson\release\value.obj
c:\users\gaurav\documents\visual studio 2013\projects\jansson\jansson\release\strbuffer.obj
c:\users\gaurav\documents\visual studio 2013\projects\jansson\jansson\release\memory.obj
c:\users\gaurav\documents\visual studio 2013\projects\jansson\jansson\release\utf.obj
c:\users\gaurav\documents\visual studio 2013\projects\jansson\jansson\release\strconv.obj
c:\users\gaurav\documents\visual studio 2013\projects\jansson\jansson\release\pack_unpack.obj
c:\users\gaurav\documents\visual studio 2013\projects\jansson\jansson\release\load.obj
c:\users\gaurav\documents\visual studio 2013\projects\jansson\jansson\release\hashtable.obj
c:\users\gaurav\documents\visual studio 2013\projects\jansson\jansson\release\error.obj
c:\users\gaurav\documents\visual studio 2013\projects\jansson\jansson\release\dump.obj
c:\users\gaurav\documents\visual studio 2013\projects\jansson\release\jansson.lib
c:\users\gaurav\documents\visual studio 2013\projects\jansson\release\jansson.exp
c:\users\gaurav\documents\visual studio 2013\projects\jansson\release\jansson32.dll
c:\users\gaurav\documents\visual studio 2013\projects\jansson\release\jansson.pdb
c:\users\gaurav\documents\visual studio 2013\projects\jansson\jansson\release\jansson.tlog\cl.command.1.tlog
c:\users\gaurav\documents\visual studio 2013\projects\jansson\jansson\release\jansson.tlog\cl.read.1.tlog
c:\users\gaurav\documents\visual studio 2013\projects\jansson\jansson\release\jansson.tlog\cl.write.1.tlog
c:\users\gaurav\documents\visual studio 2013\projects\jansson\jansson\release\jansson.tlog\jansson.write.1u.tlog
c:\users\gaurav\documents\visual studio 2013\projects\jansson\jansson\release\jansson.tlog\link.command.1.tlog
c:\users\gaurav\documents\visual studio 2013\projects\jansson\jansson\release\jansson.tlog\link.read.1.tlog
c:\users\gaurav\documents\visual studio 2013\projects\jansson\jansson\release\jansson.tlog\link.write.1.tlog
