d:\gaurav\voidstarindia\anti_virus\scanner2\scanner2\scanner\c++\user\win7release\vc120.pdb
d:\gaurav\voidstarindia\anti_virus\scanner2\scanner2\scanner\c++\user\win7release\parser.obj
d:\gaurav\voidstarindia\anti_virus\scanner2\scanner2\scanner\c++\user\win7release\object.obj
d:\gaurav\voidstarindia\anti_virus\scanner2\scanner2\scanner\c++\user\win7release\tests.obj
d:\gaurav\voidstarindia\anti_virus\scanner2\scanner2\scanner\c++\user\win7release\pe.obj
d:\gaurav\voidstarindia\anti_virus\scanner2\scanner2\scanner\c++\user\win7release\cuckoo.obj
d:\gaurav\voidstarindia\anti_virus\scanner2\scanner2\scanner\c++\user\win7release\modules.obj
d:\gaurav\voidstarindia\anti_virus\scanner2\scanner2\scanner\c++\user\win7release\mem.obj
d:\gaurav\voidstarindia\anti_virus\scanner2\scanner2\scanner\c++\user\win7release\libyara.obj
d:\gaurav\voidstarindia\anti_virus\scanner2\scanner2\scanner\c++\user\win7release\lexer.obj
d:\gaurav\voidstarindia\anti_virus\scanner2\scanner2\scanner\c++\user\win7release\hex_lexer.obj
d:\gaurav\voidstarindia\anti_virus\scanner2\scanner2\scanner\c++\user\win7release\hex_grammar.obj
d:\gaurav\voidstarindia\anti_virus\scanner2\scanner2\scanner\c++\user\win7release\hash.obj
d:\gaurav\voidstarindia\anti_virus\scanner2\scanner2\scanner\c++\user\win7release\grammar.obj
d:\gaurav\voidstarindia\anti_virus\scanner2\scanner2\scanner\c++\user\win7release\filemap.obj
d:\gaurav\voidstarindia\anti_virus\scanner2\scanner2\scanner\c++\user\win7release\exefiles.obj
d:\gaurav\voidstarindia\anti_virus\scanner2\scanner2\scanner\c++\user\win7release\exec.obj
d:\gaurav\voidstarindia\anti_virus\scanner2\scanner2\scanner\c++\user\win7release\compiler.obj
d:\gaurav\voidstarindia\anti_virus\scanner2\scanner2\scanner\c++\user\win7release\atoms.obj
d:\gaurav\voidstarindia\anti_virus\scanner2\scanner2\scanner\c++\user\win7release\arena.obj
d:\gaurav\voidstarindia\anti_virus\scanner2\scanner2\scanner\c++\user\win7release\ahocorasick.obj
d:\gaurav\voidstarindia\anti_virus\scanner2\scanner2\scanner\c++\user\win7release\scanuser.obj
d:\gaurav\voidstarindia\anti_virus\scanner2\scanner2\scanner\c++\user\win7release\utils.obj
d:\gaurav\voidstarindia\anti_virus\scanner2\scanner2\scanner\c++\user\win7release\scan.obj
d:\gaurav\voidstarindia\anti_virus\scanner2\scanner2\scanner\c++\user\win7release\rules.obj
d:\gaurav\voidstarindia\anti_virus\scanner2\scanner2\scanner\c++\user\win7release\re_lexer.obj
d:\gaurav\voidstarindia\anti_virus\scanner2\scanner2\scanner\c++\user\win7release\re_grammar.obj
d:\gaurav\voidstarindia\anti_virus\scanner2\scanner2\scanner\c++\user\win7release\re.obj
d:\gaurav\voidstarindia\anti_virus\scanner2\scanner2\scanner\c++\user\win7release\proc.obj
d:\gaurav\voidstarindia\anti_virus\scanner2\scanner2\scanner\c++\user\win7release\scanuser.exe
d:\gaurav\voidstarindia\anti_virus\scanner2\scanner2\scanner\c++\user\win7release\scanuser.pdb
d:\gaurav\voidstarindia\anti_virus\scanner2\scanner2\scanner\c++\user\win7release\scanuser.res
d:\gaurav\voidstarindia\anti_virus\scanner2\scanner2\scanner\c++\user\win7release\scanuser.tlog\cl.command.1.tlog
d:\gaurav\voidstarindia\anti_virus\scanner2\scanner2\scanner\c++\user\win7release\scanuser.tlog\cl.read.1.tlog
d:\gaurav\voidstarindia\anti_virus\scanner2\scanner2\scanner\c++\user\win7release\scanuser.tlog\cl.write.1.tlog
d:\gaurav\voidstarindia\anti_virus\scanner2\scanner2\scanner\c++\user\win7release\scanuser.tlog\link.command.1.tlog
d:\gaurav\voidstarindia\anti_virus\scanner2\scanner2\scanner\c++\user\win7release\scanuser.tlog\link.read.1.tlog
d:\gaurav\voidstarindia\anti_virus\scanner2\scanner2\scanner\c++\user\win7release\scanuser.tlog\link.write.1.tlog
d:\gaurav\voidstarindia\anti_virus\scanner2\scanner2\scanner\c++\user\win7release\scanuser.tlog\rc.command.1.tlog
d:\gaurav\voidstarindia\anti_virus\scanner2\scanner2\scanner\c++\user\win7release\scanuser.tlog\rc.read.1.tlog
d:\gaurav\voidstarindia\anti_virus\scanner2\scanner2\scanner\c++\user\win7release\scanuser.tlog\rc.write.1.tlog
